2022-03-04 13:11:19.358  WARN 1604 --- [http-nio-80-exec-8] com.meyok.controller.BookController      : warn....
2022-03-04 13:11:19.360 ERROR 1604 --- [http-nio-80-exec-8] com.meyok.controller.BookController      : error....
2022-03-04 13:11:19.531  WARN 1604 --- [http-nio-80-exec-9] com.meyok.controller.BookController      : warn....
2022-03-04 13:11:19.532 ERROR 1604 --- [http-nio-80-exec-9] com.meyok.controller.BookController      : error....
2022-03-04 13:11:19.720  WARN 1604 --- [http-nio-80-exec-10] com.meyok.controller.BookController      : warn....
2022-03-04 13:11:19.721 ERROR 1604 --- [http-nio-80-exec-10] com.meyok.controller.BookController      : error....
2022-03-04 13:11:19.918  WARN 1604 --- [http-nio-80-exec-1] com.meyok.controller.BookController      : warn....
2022-03-04 13:11:19.918 ERROR 1604 --- [http-nio-80-exec-1] com.meyok.controller.BookController      : error....
2022-03-04 13:11:20.119  WARN 1604 --- [http-nio-80-exec-2] com.meyok.controller.BookController      : warn....
2022-03-04 13:11:20.119 ERROR 1604 --- [http-nio-80-exec-2] com.meyok.controller.BookController      : error....
2022-03-04 13:11:20.306  WARN 1604 --- [http-nio-80-exec-3] com.meyok.controller.BookController      : warn....
2022-03-04 13:11:20.306 ERROR 1604 --- [http-nio-80-exec-3] com.meyok.controller.BookController      : error....
2022-03-04 13:11:20.483  WARN 1604 --- [http-nio-80-exec-4] com.meyok.controller.BookController      : warn....
2022-03-04 13:11:20.483 ERROR 1604 --- [http-nio-80-exec-4] com.meyok.controller.BookController      : error....
2022-03-04 13:11:20.664  WARN 1604 --- [http-nio-80-exec-5] com.meyok.controller.BookController      : warn....
2022-03-04 13:11:20.665 ERROR 1604 --- [http-nio-80-exec-5] com.meyok.controller.BookController      : error....
2022-03-04 13:11:20.850  WARN 1604 --- [http-nio-80-exec-6] com.meyok.controller.BookController      : warn....
2022-03-04 13:11:20.850 ERROR 1604 --- [http-nio-80-exec-6] com.meyok.controller.BookController      : error....
2022-03-04 13:11:21.026  WARN 1604 --- [http-nio-80-exec-7] com.meyok.controller.BookController      : warn....
2022-03-04 13:11:21.026 ERROR 1604 --- [http-nio-80-exec-7] com.meyok.controller.BookController      : error....
2022-03-04 13:11:21.207  WARN 1604 --- [http-nio-80-exec-8] com.meyok.controller.BookController      : warn....
2022-03-04 13:11:21.208 ERROR 1604 --- [http-nio-80-exec-8] com.meyok.controller.BookController      : error....
2022-03-04 13:11:21.370  WARN 1604 --- [http-nio-80-exec-9] com.meyok.controller.BookController      : warn....
2022-03-04 13:11:21.370 ERROR 1604 --- [http-nio-80-exec-9] com.meyok.controller.BookController      : error....
2022-03-04 13:11:25.334  INFO 1604 --- [SpringApplicationShutdownHook] com.alibaba.druid.pool.DruidDataSource   : {dataSource-1} closing ...
2022-03-04 13:11:25.338  INFO 1604 --- [SpringApplicationShutdownHook] com.alibaba.druid.pool.DruidDataSource   : {dataSource-1} closed
2022-03-04 13:31:04.131  INFO 11784 --- [main] c.meyok.Springboot10ProfilesApplication  : Starting Springboot10ProfilesApplication using Java 16.0.2 on MeYok with PID 11784 (C:\Users\25537\IdeaProjects\SpringBootLearn\springboot_10_profiles\target\classes started by 25537 in C:\Users\25537\IdeaProjects\SpringBootLearn)
2022-03-04 13:31:04.135  INFO 11784 --- [main] c.meyok.Springboot10ProfilesApplication  : The following 3 profiles are active: "dev", "devMVC", "devDB"
2022-03-04 13:31:04.976  WARN 11784 --- [main] o.m.s.mapper.ClassPathMapperScanner      : No MyBatis mapper was found in '[com.meyok]' package. Please check your configuration.
2022-03-04 13:31:05.299  INFO 11784 --- [main] o.s.b.w.embedded.tomcat.TomcatWebServer  : Tomcat initialized with port(s): 80 (http)
2022-03-04 13:31:05.308  INFO 11784 --- [main] o.apache.catalina.core.StandardService   : Starting service [Tomcat]
2022-03-04 13:31:05.308  INFO 11784 --- [main] org.apache.catalina.core.StandardEngine  : Starting Servlet engine: [Apache Tomcat/9.0.58]
2022-03-04 13:31:05.382  INFO 11784 --- [main] o.a.c.c.C.[Tomcat].[localhost].[/ebank]  : Initializing Spring embedded WebApplicationContext
2022-03-04 13:31:05.382  INFO 11784 --- [main] w.s.c.ServletWebServerApplicationContext : Root WebApplicationContext: initialization completed in 1182 ms
2022-03-04 13:31:05.714  INFO 11784 --- [main] c.a.d.s.b.a.DruidDataSourceAutoConfigure : Init DruidDataSource
2022-03-04 13:31:05.838  INFO 11784 --- [main] com.alibaba.druid.pool.DruidDataSource   : {dataSource-1} inited
2022-03-04 13:31:06.064  INFO 11784 --- [main] o.s.b.w.embedded.tomcat.TomcatWebServer  : Tomcat started on port(s): 80 (http) with context path '/ebank'
2022-03-04 13:31:06.075  INFO 11784 --- [main] c.meyok.Springboot10ProfilesApplication  : Started Springboot10ProfilesApplication in 2.501 seconds (JVM running for 3.398)
2022-03-04 13:31:07.558  INFO 11784 --- [SpringApplicationShutdownHook] com.alibaba.druid.pool.DruidDataSource   : {dataSource-1} closing ...
